TN:
SF:src/index.js
FN:2,(anonymous_0)
FN:6,(anonymous_1)
FN:15,(anonymous_2)
FN:19,(anonymous_3)
FNF:4
FNH:4
FNDA:14,(anonymous_0)
FNDA:9,(anonymous_1)
FNDA:14,(anonymous_2)
FNDA:5,(anonymous_3)
DA:3,14
DA:7,9
DA:8,3
DA:10,6
DA:11,5
DA:16,14
DA:20,5
DA:21,1
DA:23,4
DA:24,4
DA:25,4
DA:35,1
DA:36,1
DA:37,1
DA:38,1
DA:39,1
DA:40,1
DA:42,1
DA:43,1
DA:44,1
DA:46,1
LF:21
LH:21
BRDA:7,0,0,3
BRDA:7,0,1,6
BRDA:10,1,0,5
BRDA:10,1,1,1
BRDA:10,2,0,6
BRDA:10,2,1,6
BRDA:20,3,0,1
BRDA:20,3,1,4
BRDA:23,4,0,4
BRDA:23,4,1,0
BRDA:23,5,0,4
BRDA:23,5,1,4
BRF:12
BRH:11
end_of_record
